Dec 17 2024 10:06:38
{"type":8192,"message":"Return type of Ai1wm_Recursive_Exclude_Filter::accept() should either be compatible with FilterIterator::accept(): bool, or the #[\\ReturnTypeWillChange] attribute should be used to temporarily suppress the notice","file":"C:\\laragon\\www\\tomoe_workshop\\wp-content\\plugins\\all-in-one-wp-migration\\lib\\vendor\\servmask\\filter\\class-ai1wm-recursive-exclude-filter.php","line":43}

Dec 17 2024 10:06:39
{"type":8192,"message":"Return type of Ai1wm_Recursive_Exclude_Filter::accept() should either be compatible with FilterIterator::accept(): bool, or the #[\\ReturnTypeWillChange] attribute should be used to temporarily suppress the notice","file":"C:\\laragon\\www\\tomoe_workshop\\wp-content\\plugins\\all-in-one-wp-migration\\lib\\vendor\\servmask\\filter\\class-ai1wm-recursive-exclude-filter.php","line":43}

Dec 17 2024 10:06:39
{"type":8192,"message":"Return type of Ai1wm_Recursive_Exclude_Filter::accept() should either be compatible with FilterIterator::accept(): bool, or the #[\\ReturnTypeWillChange] attribute should be used to temporarily suppress the notice","file":"C:\\laragon\\www\\tomoe_workshop\\wp-content\\plugins\\all-in-one-wp-migration\\lib\\vendor\\servmask\\filter\\class-ai1wm-recursive-exclude-filter.php","line":43}

Dec 17 2024 10:06:40
{"type":8192,"message":"Return type of Ai1wm_Recursive_Exclude_Filter::accept() should either be compatible with FilterIterator::accept(): bool, or the #[\\ReturnTypeWillChange] attribute should be used to temporarily suppress the notice","file":"C:\\laragon\\www\\tomoe_workshop\\wp-content\\plugins\\all-in-one-wp-migration\\lib\\vendor\\servmask\\filter\\class-ai1wm-recursive-exclude-filter.php","line":43}

Dec 17 2024 10:06:40
{"type":8192,"message":"Return type of Ai1wm_Recursive_Exclude_Filter::accept() should either be compatible with FilterIterator::accept(): bool, or the #[\\ReturnTypeWillChange] attribute should be used to temporarily suppress the notice","file":"C:\\laragon\\www\\tomoe_workshop\\wp-content\\plugins\\all-in-one-wp-migration\\lib\\vendor\\servmask\\filter\\class-ai1wm-recursive-exclude-filter.php","line":43}

Dec 17 2024 10:06:41
{"type":8192,"message":"Return type of Ai1wm_Recursive_Exclude_Filter::accept() should either be compatible with FilterIterator::accept(): bool, or the #[\\ReturnTypeWillChange] attribute should be used to temporarily suppress the notice","file":"C:\\laragon\\www\\tomoe_workshop\\wp-content\\plugins\\all-in-one-wp-migration\\lib\\vendor\\servmask\\filter\\class-ai1wm-recursive-exclude-filter.php","line":43}

Dec 17 2024 10:06:41
{"type":8192,"message":"Return type of Ai1wm_Recursive_Exclude_Filter::accept() should either be compatible with FilterIterator::accept(): bool, or the #[\\ReturnTypeWillChange] attribute should be used to temporarily suppress the notice","file":"C:\\laragon\\www\\tomoe_workshop\\wp-content\\plugins\\all-in-one-wp-migration\\lib\\vendor\\servmask\\filter\\class-ai1wm-recursive-exclude-filter.php","line":43}

Dec 17 2024 10:06:41
{"type":8192,"message":"Return type of Ai1wm_Recursive_Exclude_Filter::accept() should either be compatible with FilterIterator::accept(): bool, or the #[\\ReturnTypeWillChange] attribute should be used to temporarily suppress the notice","file":"C:\\laragon\\www\\tomoe_workshop\\wp-content\\plugins\\all-in-one-wp-migration\\lib\\vendor\\servmask\\filter\\class-ai1wm-recursive-exclude-filter.php","line":43}

Dec 17 2024 10:06:44
{"type":8192,"message":"Return type of Ai1wm_Recursive_Exclude_Filter::accept() should either be compatible with FilterIterator::accept(): bool, or the #[\\ReturnTypeWillChange] attribute should be used to temporarily suppress the notice","file":"C:\\laragon\\www\\tomoe_workshop\\wp-content\\plugins\\all-in-one-wp-migration\\lib\\vendor\\servmask\\filter\\class-ai1wm-recursive-exclude-filter.php","line":43}

Dec 17 2024 10:06:46
{"type":8192,"message":"Return type of Ai1wm_Recursive_Exclude_Filter::accept() should either be compatible with FilterIterator::accept(): bool, or the #[\\ReturnTypeWillChange] attribute should be used to temporarily suppress the notice","file":"C:\\laragon\\www\\tomoe_workshop\\wp-content\\plugins\\all-in-one-wp-migration\\lib\\vendor\\servmask\\filter\\class-ai1wm-recursive-exclude-filter.php","line":43}

Dec 17 2024 10:06:47
{"type":8192,"message":"Return type of Ai1wm_Recursive_Exclude_Filter::accept() should either be compatible with FilterIterator::accept(): bool, or the #[\\ReturnTypeWillChange] attribute should be used to temporarily suppress the notice","file":"C:\\laragon\\www\\tomoe_workshop\\wp-content\\plugins\\all-in-one-wp-migration\\lib\\vendor\\servmask\\filter\\class-ai1wm-recursive-exclude-filter.php","line":43}

Dec 17 2024 10:06:47
{"type":8192,"message":"Return type of Ai1wm_Recursive_Exclude_Filter::accept() should either be compatible with FilterIterator::accept(): bool, or the #[\\ReturnTypeWillChange] attribute should be used to temporarily suppress the notice","file":"C:\\laragon\\www\\tomoe_workshop\\wp-content\\plugins\\all-in-one-wp-migration\\lib\\vendor\\servmask\\filter\\class-ai1wm-recursive-exclude-filter.php","line":43}

Dec 17 2024 10:06:47
{"type":8192,"message":"Return type of Ai1wm_Recursive_Exclude_Filter::accept() should either be compatible with FilterIterator::accept(): bool, or the #[\\ReturnTypeWillChange] attribute should be used to temporarily suppress the notice","file":"C:\\laragon\\www\\tomoe_workshop\\wp-content\\plugins\\all-in-one-wp-migration\\lib\\vendor\\servmask\\filter\\class-ai1wm-recursive-exclude-filter.php","line":43}

Dec 17 2024 10:06:48
{"type":8192,"message":"Return type of Ai1wm_Recursive_Exclude_Filter::accept() should either be compatible with FilterIterator::accept(): bool, or the #[\\ReturnTypeWillChange] attribute should be used to temporarily suppress the notice","file":"C:\\laragon\\www\\tomoe_workshop\\wp-content\\plugins\\all-in-one-wp-migration\\lib\\vendor\\servmask\\filter\\class-ai1wm-recursive-exclude-filter.php","line":43}

Dec 17 2024 10:06:49
{"type":8192,"message":"Return type of Ai1wm_Recursive_Exclude_Filter::accept() should either be compatible with FilterIterator::accept(): bool, or the #[\\ReturnTypeWillChange] attribute should be used to temporarily suppress the notice","file":"C:\\laragon\\www\\tomoe_workshop\\wp-content\\plugins\\all-in-one-wp-migration\\lib\\vendor\\servmask\\filter\\class-ai1wm-recursive-exclude-filter.php","line":43}

Dec 17 2024 10:06:49
{"type":8192,"message":"Return type of Ai1wm_Recursive_Exclude_Filter::accept() should either be compatible with FilterIterator::accept(): bool, or the #[\\ReturnTypeWillChange] attribute should be used to temporarily suppress the notice","file":"C:\\laragon\\www\\tomoe_workshop\\wp-content\\plugins\\all-in-one-wp-migration\\lib\\vendor\\servmask\\filter\\class-ai1wm-recursive-exclude-filter.php","line":43}

Dec 17 2024 10:06:49
{"Number":8192,"Message":"rtrim(): Passing null to parameter #1 ($string) of type string is deprecated","File":"C:\\laragon\\www\\tomoe_workshop\\wp-includes\\formatting.php","Line":2819}

Dec 17 2024 10:06:49
{"Number":8192,"Message":"rtrim(): Passing null to parameter #1 ($string) of type string is deprecated","File":"C:\\laragon\\www\\tomoe_workshop\\wp-includes\\formatting.php","Line":2819}

Dec 17 2024 10:06:49
{"Number":8192,"Message":"rtrim(): Passing null to parameter #1 ($string) of type string is deprecated","File":"C:\\laragon\\www\\tomoe_workshop\\wp-includes\\formatting.php","Line":2819}

Dec 17 2024 10:06:49
{"Number":8192,"Message":"rtrim(): Passing null to parameter #1 ($string) of type string is deprecated","File":"C:\\laragon\\www\\tomoe_workshop\\wp-includes\\formatting.php","Line":2819}

Dec 17 2024 10:06:49
{"Number":8192,"Message":"rtrim(): Passing null to parameter #1 ($string) of type string is deprecated","File":"C:\\laragon\\www\\tomoe_workshop\\wp-includes\\formatting.php","Line":2819}

Dec 17 2024 10:06:49
{"Number":8192,"Message":"rtrim(): Passing null to parameter #1 ($string) of type string is deprecated","File":"C:\\laragon\\www\\tomoe_workshop\\wp-includes\\formatting.php","Line":2819}

Dec 17 2024 10:06:49
{"Number":8192,"Message":"rtrim(): Passing null to parameter #1 ($string) of type string is deprecated","File":"C:\\laragon\\www\\tomoe_workshop\\wp-includes\\formatting.php","Line":2819}

Dec 17 2024 10:06:49
{"Number":8192,"Message":"rtrim(): Passing null to parameter #1 ($string) of type string is deprecated","File":"C:\\laragon\\www\\tomoe_workshop\\wp-includes\\formatting.php","Line":2819}

Dec 17 2024 10:06:49
{"Number":8192,"Message":"rtrim(): Passing null to parameter #1 ($string) of type string is deprecated","File":"C:\\laragon\\www\\tomoe_workshop\\wp-includes\\formatting.php","Line":2819}

Dec 17 2024 10:06:49
{"Number":8192,"Message":"rtrim(): Passing null to parameter #1 ($string) of type string is deprecated","File":"C:\\laragon\\www\\tomoe_workshop\\wp-includes\\formatting.php","Line":2819}

Dec 17 2024 10:06:49
{"Number":8192,"Message":"rtrim(): Passing null to parameter #1 ($string) of type string is deprecated","File":"C:\\laragon\\www\\tomoe_workshop\\wp-includes\\formatting.php","Line":2819}

Dec 17 2024 10:06:49
{"Number":8192,"Message":"rtrim(): Passing null to parameter #1 ($string) of type string is deprecated","File":"C:\\laragon\\www\\tomoe_workshop\\wp-includes\\formatting.php","Line":2819}

Dec 17 2024 10:06:49
{"Number":8192,"Message":"rtrim(): Passing null to parameter #1 ($string) of type string is deprecated","File":"C:\\laragon\\www\\tomoe_workshop\\wp-includes\\formatting.php","Line":2819}

Dec 17 2024 10:06:49
{"Number":8192,"Message":"rtrim(): Passing null to parameter #1 ($string) of type string is deprecated","File":"C:\\laragon\\www\\tomoe_workshop\\wp-includes\\formatting.php","Line":2819}

Dec 17 2024 10:06:49
{"Number":8192,"Message":"rtrim(): Passing null to parameter #1 ($string) of type string is deprecated","File":"C:\\laragon\\www\\tomoe_workshop\\wp-includes\\formatting.php","Line":2819}

Dec 17 2024 10:06:49
{"Number":8192,"Message":"rtrim(): Passing null to parameter #1 ($string) of type string is deprecated","File":"C:\\laragon\\www\\tomoe_workshop\\wp-includes\\formatting.php","Line":2819}

Dec 17 2024 10:06:49
{"Number":8192,"Message":"rtrim(): Passing null to parameter #1 ($string) of type string is deprecated","File":"C:\\laragon\\www\\tomoe_workshop\\wp-includes\\formatting.php","Line":2819}

Dec 17 2024 10:06:49
{"Number":8192,"Message":"rtrim(): Passing null to parameter #1 ($string) of type string is deprecated","File":"C:\\laragon\\www\\tomoe_workshop\\wp-includes\\formatting.php","Line":2819}

Dec 17 2024 10:06:49
{"Number":8192,"Message":"rtrim(): Passing null to parameter #1 ($string) of type string is deprecated","File":"C:\\laragon\\www\\tomoe_workshop\\wp-includes\\formatting.php","Line":2819}

Dec 17 2024 10:06:49
{"Number":8192,"Message":"rtrim(): Passing null to parameter #1 ($string) of type string is deprecated","File":"C:\\laragon\\www\\tomoe_workshop\\wp-includes\\formatting.php","Line":2819}

Dec 17 2024 10:06:49
{"Number":8192,"Message":"rtrim(): Passing null to parameter #1 ($string) of type string is deprecated","File":"C:\\laragon\\www\\tomoe_workshop\\wp-includes\\formatting.php","Line":2819}

Dec 17 2024 10:06:49
{"Number":8192,"Message":"rtrim(): Passing null to parameter #1 ($string) of type string is deprecated","File":"C:\\laragon\\www\\tomoe_workshop\\wp-includes\\formatting.php","Line":2819}

Dec 17 2024 10:06:49
{"Number":8192,"Message":"rtrim(): Passing null to parameter #1 ($string) of type string is deprecated","File":"C:\\laragon\\www\\tomoe_workshop\\wp-includes\\formatting.php","Line":2819}

Dec 17 2024 10:06:49
{"Number":8192,"Message":"rtrim(): Passing null to parameter #1 ($string) of type string is deprecated","File":"C:\\laragon\\www\\tomoe_workshop\\wp-includes\\formatting.php","Line":2819}

Dec 17 2024 10:06:49
{"Number":8192,"Message":"rtrim(): Passing null to parameter #1 ($string) of type string is deprecated","File":"C:\\laragon\\www\\tomoe_workshop\\wp-includes\\formatting.php","Line":2819}

Dec 17 2024 10:06:49
{"Number":8192,"Message":"rtrim(): Passing null to parameter #1 ($string) of type string is deprecated","File":"C:\\laragon\\www\\tomoe_workshop\\wp-includes\\formatting.php","Line":2819}

Dec 17 2024 10:06:49
{"Number":8192,"Message":"rtrim(): Passing null to parameter #1 ($string) of type string is deprecated","File":"C:\\laragon\\www\\tomoe_workshop\\wp-includes\\formatting.php","Line":2819}

Dec 17 2024 10:06:49
{"Number":8192,"Message":"rtrim(): Passing null to parameter #1 ($string) of type string is deprecated","File":"C:\\laragon\\www\\tomoe_workshop\\wp-includes\\formatting.php","Line":2819}

Dec 17 2024 10:06:49
{"Number":8192,"Message":"rtrim(): Passing null to parameter #1 ($string) of type string is deprecated","File":"C:\\laragon\\www\\tomoe_workshop\\wp-includes\\formatting.php","Line":2819}

Dec 17 2024 10:06:49
{"Number":8192,"Message":"rtrim(): Passing null to parameter #1 ($string) of type string is deprecated","File":"C:\\laragon\\www\\tomoe_workshop\\wp-includes\\formatting.php","Line":2819}

Dec 17 2024 10:06:49
{"Number":8192,"Message":"rtrim(): Passing null to parameter #1 ($string) of type string is deprecated","File":"C:\\laragon\\www\\tomoe_workshop\\wp-includes\\formatting.php","Line":2819}

Dec 17 2024 10:06:49
{"Number":8192,"Message":"rtrim(): Passing null to parameter #1 ($string) of type string is deprecated","File":"C:\\laragon\\www\\tomoe_workshop\\wp-includes\\formatting.php","Line":2819}

Dec 17 2024 10:06:49
{"Number":8192,"Message":"rtrim(): Passing null to parameter #1 ($string) of type string is deprecated","File":"C:\\laragon\\www\\tomoe_workshop\\wp-includes\\formatting.php","Line":2819}

Dec 17 2024 10:06:49
{"Number":8192,"Message":"rtrim(): Passing null to parameter #1 ($string) of type string is deprecated","File":"C:\\laragon\\www\\tomoe_workshop\\wp-includes\\formatting.php","Line":2819}

Dec 17 2024 10:06:49
{"Number":8192,"Message":"rtrim(): Passing null to parameter #1 ($string) of type string is deprecated","File":"C:\\laragon\\www\\tomoe_workshop\\wp-includes\\formatting.php","Line":2819}

Dec 17 2024 10:06:49
{"Number":8192,"Message":"rtrim(): Passing null to parameter #1 ($string) of type string is deprecated","File":"C:\\laragon\\www\\tomoe_workshop\\wp-includes\\formatting.php","Line":2819}

Dec 17 2024 10:06:50
{"type":8192,"message":"Return type of Ai1wm_Recursive_Exclude_Filter::accept() should either be compatible with FilterIterator::accept(): bool, or the #[\\ReturnTypeWillChange] attribute should be used to temporarily suppress the notice","file":"C:\\laragon\\www\\tomoe_workshop\\wp-content\\plugins\\all-in-one-wp-migration\\lib\\vendor\\servmask\\filter\\class-ai1wm-recursive-exclude-filter.php","line":43}

Dec 17 2024 10:06:50
{"type":8192,"message":"Return type of Ai1wm_Recursive_Exclude_Filter::accept() should either be compatible with FilterIterator::accept(): bool, or the #[\\ReturnTypeWillChange] attribute should be used to temporarily suppress the notice","file":"C:\\laragon\\www\\tomoe_workshop\\wp-content\\plugins\\all-in-one-wp-migration\\lib\\vendor\\servmask\\filter\\class-ai1wm-recursive-exclude-filter.php","line":43}

Dec 17 2024 10:06:51
{"type":8192,"message":"Return type of Ai1wm_Recursive_Exclude_Filter::accept() should either be compatible with FilterIterator::accept(): bool, or the #[\\ReturnTypeWillChange] attribute should be used to temporarily suppress the notice","file":"C:\\laragon\\www\\tomoe_workshop\\wp-content\\plugins\\all-in-one-wp-migration\\lib\\vendor\\servmask\\filter\\class-ai1wm-recursive-exclude-filter.php","line":43}

Dec 17 2024 10:06:51
{"type":8192,"message":"Return type of Ai1wm_Recursive_Exclude_Filter::accept() should either be compatible with FilterIterator::accept(): bool, or the #[\\ReturnTypeWillChange] attribute should be used to temporarily suppress the notice","file":"C:\\laragon\\www\\tomoe_workshop\\wp-content\\plugins\\all-in-one-wp-migration\\lib\\vendor\\servmask\\filter\\class-ai1wm-recursive-exclude-filter.php","line":43}

Dec 17 2024 10:06:52
{"type":8192,"message":"Return type of Ai1wm_Recursive_Exclude_Filter::accept() should either be compatible with FilterIterator::accept(): bool, or the #[\\ReturnTypeWillChange] attribute should be used to temporarily suppress the notice","file":"C:\\laragon\\www\\tomoe_workshop\\wp-content\\plugins\\all-in-one-wp-migration\\lib\\vendor\\servmask\\filter\\class-ai1wm-recursive-exclude-filter.php","line":43}

Dec 17 2024 10:06:52
{"type":8192,"message":"Return type of Ai1wm_Recursive_Exclude_Filter::accept() should either be compatible with FilterIterator::accept(): bool, or the #[\\ReturnTypeWillChange] attribute should be used to temporarily suppress the notice","file":"C:\\laragon\\www\\tomoe_workshop\\wp-content\\plugins\\all-in-one-wp-migration\\lib\\vendor\\servmask\\filter\\class-ai1wm-recursive-exclude-filter.php","line":43}

Dec 17 2024 10:06:54
{"type":8192,"message":"Return type of Ai1wm_Recursive_Exclude_Filter::accept() should either be compatible with FilterIterator::accept(): bool, or the #[\\ReturnTypeWillChange] attribute should be used to temporarily suppress the notice","file":"C:\\laragon\\www\\tomoe_workshop\\wp-content\\plugins\\all-in-one-wp-migration\\lib\\vendor\\servmask\\filter\\class-ai1wm-recursive-exclude-filter.php","line":43}

Dec 19 2024 08:53:22
{"Number":8192,"Message":"explode(): Passing null to parameter #2 ($string) of type string is deprecated","File":"C:\\laragon\\www\\tomoe_workshop\\wp-content\\plugins\\all-in-one-wp-migration\\functions.php","Line":435}

Dec 19 2024 08:53:22
{"type":8192,"message":"Return type of Ai1wm_Recursive_Exclude_Filter::accept() should either be compatible with FilterIterator::accept(): bool, or the #[\\ReturnTypeWillChange] attribute should be used to temporarily suppress the notice","file":"C:\\laragon\\www\\tomoe_workshop\\wp-content\\plugins\\all-in-one-wp-migration\\lib\\vendor\\servmask\\filter\\class-ai1wm-recursive-exclude-filter.php","line":43}

Dec 19 2024 08:53:23
{"type":8192,"message":"Return type of Ai1wm_Recursive_Exclude_Filter::accept() should either be compatible with FilterIterator::accept(): bool, or the #[\\ReturnTypeWillChange] attribute should be used to temporarily suppress the notice","file":"C:\\laragon\\www\\tomoe_workshop\\wp-content\\plugins\\all-in-one-wp-migration\\lib\\vendor\\servmask\\filter\\class-ai1wm-recursive-exclude-filter.php","line":43}

Dec 19 2024 08:53:23
{"type":8192,"message":"Return type of Ai1wm_Recursive_Exclude_Filter::accept() should either be compatible with FilterIterator::accept(): bool, or the #[\\ReturnTypeWillChange] attribute should be used to temporarily suppress the notice","file":"C:\\laragon\\www\\tomoe_workshop\\wp-content\\plugins\\all-in-one-wp-migration\\lib\\vendor\\servmask\\filter\\class-ai1wm-recursive-exclude-filter.php","line":43}

Dec 19 2024 08:53:23
{"type":8192,"message":"Return type of Ai1wm_Recursive_Exclude_Filter::accept() should either be compatible with FilterIterator::accept(): bool, or the #[\\ReturnTypeWillChange] attribute should be used to temporarily suppress the notice","file":"C:\\laragon\\www\\tomoe_workshop\\wp-content\\plugins\\all-in-one-wp-migration\\lib\\vendor\\servmask\\filter\\class-ai1wm-recursive-exclude-filter.php","line":43}

Dec 19 2024 08:53:24
{"Number":8192,"Message":"base64_encode(): Passing null to parameter #1 ($string) of type string is deprecated","File":"C:\\laragon\\www\\tomoe_workshop\\wp-content\\plugins\\all-in-one-wp-migration\\lib\\model\\export\\class-ai1wm-export-config.php","Line":159}

Dec 19 2024 08:53:24
{"Number":8192,"Message":"base64_encode(): Passing null to parameter #1 ($string) of type string is deprecated","File":"C:\\laragon\\www\\tomoe_workshop\\wp-content\\plugins\\all-in-one-wp-migration\\lib\\model\\export\\class-ai1wm-export-config.php","Line":159}

Dec 19 2024 08:53:24
{"type":8192,"message":"Return type of Ai1wm_Recursive_Exclude_Filter::accept() should either be compatible with FilterIterator::accept(): bool, or the #[\\ReturnTypeWillChange] attribute should be used to temporarily suppress the notice","file":"C:\\laragon\\www\\tomoe_workshop\\wp-content\\plugins\\all-in-one-wp-migration\\lib\\vendor\\servmask\\filter\\class-ai1wm-recursive-exclude-filter.php","line":43}

Dec 19 2024 08:53:24
{"type":8192,"message":"Return type of Ai1wm_Recursive_Exclude_Filter::accept() should either be compatible with FilterIterator::accept(): bool, or the #[\\ReturnTypeWillChange] attribute should be used to temporarily suppress the notice","file":"C:\\laragon\\www\\tomoe_workshop\\wp-content\\plugins\\all-in-one-wp-migration\\lib\\vendor\\servmask\\filter\\class-ai1wm-recursive-exclude-filter.php","line":43}

Dec 19 2024 08:53:25
{"type":8192,"message":"Return type of Ai1wm_Recursive_Exclude_Filter::accept() should either be compatible with FilterIterator::accept(): bool, or the #[\\ReturnTypeWillChange] attribute should be used to temporarily suppress the notice","file":"C:\\laragon\\www\\tomoe_workshop\\wp-content\\plugins\\all-in-one-wp-migration\\lib\\vendor\\servmask\\filter\\class-ai1wm-recursive-exclude-filter.php","line":43}

Dec 19 2024 08:53:25
{"type":8192,"message":"Return type of Ai1wm_Recursive_Exclude_Filter::accept() should either be compatible with FilterIterator::accept(): bool, or the #[\\ReturnTypeWillChange] attribute should be used to temporarily suppress the notice","file":"C:\\laragon\\www\\tomoe_workshop\\wp-content\\plugins\\all-in-one-wp-migration\\lib\\vendor\\servmask\\filter\\class-ai1wm-recursive-exclude-filter.php","line":43}

Dec 19 2024 08:53:25
{"type":8192,"message":"Return type of Ai1wm_Recursive_Exclude_Filter::accept() should either be compatible with FilterIterator::accept(): bool, or the #[\\ReturnTypeWillChange] attribute should be used to temporarily suppress the notice","file":"C:\\laragon\\www\\tomoe_workshop\\wp-content\\plugins\\all-in-one-wp-migration\\lib\\vendor\\servmask\\filter\\class-ai1wm-recursive-exclude-filter.php","line":43}

Dec 19 2024 08:53:26
{"type":8192,"message":"Return type of Ai1wm_Recursive_Exclude_Filter::accept() should either be compatible with FilterIterator::accept(): bool, or the #[\\ReturnTypeWillChange] attribute should be used to temporarily suppress the notice","file":"C:\\laragon\\www\\tomoe_workshop\\wp-content\\plugins\\all-in-one-wp-migration\\lib\\vendor\\servmask\\filter\\class-ai1wm-recursive-exclude-filter.php","line":43}

Dec 19 2024 08:53:26
{"type":8192,"message":"Return type of Ai1wm_Recursive_Exclude_Filter::accept() should either be compatible with FilterIterator::accept(): bool, or the #[\\ReturnTypeWillChange] attribute should be used to temporarily suppress the notice","file":"C:\\laragon\\www\\tomoe_workshop\\wp-content\\plugins\\all-in-one-wp-migration\\lib\\vendor\\servmask\\filter\\class-ai1wm-recursive-exclude-filter.php","line":43}

Dec 19 2024 08:53:27
{"type":8192,"message":"Return type of Ai1wm_Recursive_Exclude_Filter::accept() should either be compatible with FilterIterator::accept(): bool, or the #[\\ReturnTypeWillChange] attribute should be used to temporarily suppress the notice","file":"C:\\laragon\\www\\tomoe_workshop\\wp-content\\plugins\\all-in-one-wp-migration\\lib\\vendor\\servmask\\filter\\class-ai1wm-recursive-exclude-filter.php","line":43}

Dec 19 2024 08:53:28
{"type":8192,"message":"Return type of Ai1wm_Recursive_Exclude_Filter::accept() should either be compatible with FilterIterator::accept(): bool, or the #[\\ReturnTypeWillChange] attribute should be used to temporarily suppress the notice","file":"C:\\laragon\\www\\tomoe_workshop\\wp-content\\plugins\\all-in-one-wp-migration\\lib\\vendor\\servmask\\filter\\class-ai1wm-recursive-exclude-filter.php","line":43}

Dec 19 2024 08:53:29
{"type":8192,"message":"Return type of Ai1wm_Recursive_Exclude_Filter::accept() should either be compatible with FilterIterator::accept(): bool, or the #[\\ReturnTypeWillChange] attribute should be used to temporarily suppress the notice","file":"C:\\laragon\\www\\tomoe_workshop\\wp-content\\plugins\\all-in-one-wp-migration\\lib\\vendor\\servmask\\filter\\class-ai1wm-recursive-exclude-filter.php","line":43}

Dec 19 2024 08:53:32
{"type":8192,"message":"Return type of Ai1wm_Recursive_Exclude_Filter::accept() should either be compatible with FilterIterator::accept(): bool, or the #[\\ReturnTypeWillChange] attribute should be used to temporarily suppress the notice","file":"C:\\laragon\\www\\tomoe_workshop\\wp-content\\plugins\\all-in-one-wp-migration\\lib\\vendor\\servmask\\filter\\class-ai1wm-recursive-exclude-filter.php","line":43}

Dec 19 2024 08:53:33
{"type":8192,"message":"Return type of Ai1wm_Recursive_Exclude_Filter::accept() should either be compatible with FilterIterator::accept(): bool, or the #[\\ReturnTypeWillChange] attribute should be used to temporarily suppress the notice","file":"C:\\laragon\\www\\tomoe_workshop\\wp-content\\plugins\\all-in-one-wp-migration\\lib\\vendor\\servmask\\filter\\class-ai1wm-recursive-exclude-filter.php","line":43}

Dec 19 2024 08:53:33
{"type":8192,"message":"Return type of Ai1wm_Recursive_Exclude_Filter::accept() should either be compatible with FilterIterator::accept(): bool, or the #[\\ReturnTypeWillChange] attribute should be used to temporarily suppress the notice","file":"C:\\laragon\\www\\tomoe_workshop\\wp-content\\plugins\\all-in-one-wp-migration\\lib\\vendor\\servmask\\filter\\class-ai1wm-recursive-exclude-filter.php","line":43}

Dec 19 2024 08:53:34
{"type":8192,"message":"Return type of Ai1wm_Recursive_Exclude_Filter::accept() should either be compatible with FilterIterator::accept(): bool, or the #[\\ReturnTypeWillChange] attribute should be used to temporarily suppress the notice","file":"C:\\laragon\\www\\tomoe_workshop\\wp-content\\plugins\\all-in-one-wp-migration\\lib\\vendor\\servmask\\filter\\class-ai1wm-recursive-exclude-filter.php","line":43}

Dec 19 2024 08:53:34
{"type":8192,"message":"Return type of Ai1wm_Recursive_Exclude_Filter::accept() should either be compatible with FilterIterator::accept(): bool, or the #[\\ReturnTypeWillChange] attribute should be used to temporarily suppress the notice","file":"C:\\laragon\\www\\tomoe_workshop\\wp-content\\plugins\\all-in-one-wp-migration\\lib\\vendor\\servmask\\filter\\class-ai1wm-recursive-exclude-filter.php","line":43}

Dec 19 2024 08:53:35
{"type":8192,"message":"Return type of Ai1wm_Recursive_Exclude_Filter::accept() should either be compatible with FilterIterator::accept(): bool, or the #[\\ReturnTypeWillChange] attribute should be used to temporarily suppress the notice","file":"C:\\laragon\\www\\tomoe_workshop\\wp-content\\plugins\\all-in-one-wp-migration\\lib\\vendor\\servmask\\filter\\class-ai1wm-recursive-exclude-filter.php","line":43}

Dec 19 2024 08:53:35
{"type":8192,"message":"Return type of Ai1wm_Recursive_Exclude_Filter::accept() should either be compatible with FilterIterator::accept(): bool, or the #[\\ReturnTypeWillChange] attribute should be used to temporarily suppress the notice","file":"C:\\laragon\\www\\tomoe_workshop\\wp-content\\plugins\\all-in-one-wp-migration\\lib\\vendor\\servmask\\filter\\class-ai1wm-recursive-exclude-filter.php","line":43}

Dec 19 2024 08:53:36
{"type":8192,"message":"Return type of Ai1wm_Recursive_Exclude_Filter::accept() should either be compatible with FilterIterator::accept(): bool, or the #[\\ReturnTypeWillChange] attribute should be used to temporarily suppress the notice","file":"C:\\laragon\\www\\tomoe_workshop\\wp-content\\plugins\\all-in-one-wp-migration\\lib\\vendor\\servmask\\filter\\class-ai1wm-recursive-exclude-filter.php","line":43}

Dec 19 2024 08:53:36
{"type":8192,"message":"Return type of Ai1wm_Recursive_Exclude_Filter::accept() should either be compatible with FilterIterator::accept(): bool, or the #[\\ReturnTypeWillChange] attribute should be used to temporarily suppress the notice","file":"C:\\laragon\\www\\tomoe_workshop\\wp-content\\plugins\\all-in-one-wp-migration\\lib\\vendor\\servmask\\filter\\class-ai1wm-recursive-exclude-filter.php","line":43}

